[2021-12-18 08:30:13.603] [exthost] [info] Extension host with pid 3474 started
[2021-12-18 08:30:13.623] [exthost] [info] Lock '/home/natarovsi/.vscode-server/data/User/workspaceStorage/5c2a28f5dadd9545cd1d38748273a4ab/vscode.lock': Lock acquired.
[2021-12-18 08:30:13.696] [exthost] [info] ExtensionService#_doActivateExtension vscode.debug-auto-launch, startup: true, activationEvent: '*'
[2021-12-18 08:30:13.703] [exthost] [info] ExtensionService#_doActivateExtension vscode.git-base, startup: true, activationEvent: '*', root cause: vscode.github
[2021-12-18 08:30:13.774] [exthost] [info] ExtensionService#_doActivateExtension vscode.github, startup: true, activationEvent: '*'
[2021-12-18 08:30:13.804] [exthost] [info] ExtensionService#_doActivateExtension vscode.emmet, startup: false, activationEvent: 'onStartupFinished'
[2021-12-18 08:30:13.829] [exthost] [info] ExtensionService#_doActivateExtension vscode.merge-conflict, startup: false, activationEvent: 'onStartupFinished'
[2021-12-18 08:30:13.839] [exthost] [info] Eager extensions activated
[2021-12-18 08:30:14.385] [exthost] [info] ExtensionService#_doActivateExtension vscode.git, startup: false, activationEvent: 'api', root cause: vscode.github
[2021-12-18 08:34:43.436] [exthost] [info] ExtensionService#_doActivateExtension vscode.html-language-features, startup: false, activationEvent: 'onLanguage:html'
[2021-12-18 08:37:14.906] [exthost] [info] ExtensionService#_doActivateExtension ms-azuretools.vscode-docker, startup: false, activationEvent: 'onLanguage:dockerfile'
[2021-12-18 08:44:25.900] [exthost] [error] [vscode.html-language-features] provider FAILED
[2021-12-18 08:44:25.900] [exthost] [error] Canceled: Canceled
	at b.makeCancelError (/home/natarovsi/.vscode-server/bin/899d46d82c4c95423fb7e10e68eba52050e30ba3/extensions/html-language-features/client/dist/node/htmlClientMain.js:1:469096)
	at b.handleFailedRequest (/home/natarovsi/.vscode-server/bin/899d46d82c4c95423fb7e10e68eba52050e30ba3/extensions/html-language-features/client/dist/node/htmlClientMain.js:1:468947)
	at /home/natarovsi/.vscode-server/bin/899d46d82c4c95423fb7e10e68eba52050e30ba3/extensions/html-language-features/client/dist/node/htmlClientMain.js:1:429162
	at async o.provideHover (/home/natarovsi/.vscode-server/bin/899d46d82c4c95423fb7e10e68eba52050e30ba3/out/vs/server/remoteExtensionHostProcess.js:95:90908)
[2021-12-18 09:13:35.612] [exthost] [info] ExtensionService#_doActivateExtension vscode.php-language-features, startup: false, activationEvent: 'onLanguage:php'
[2021-12-18 10:22:25.817] [exthost] [info] ExtensionService#_doActivateExtension vscode.configuration-editing, startup: false, activationEvent: 'onLanguage:jsonc'
[2021-12-18 10:22:25.830] [exthost] [info] ExtensionService#_doActivateExtension vscode.json-language-features, startup: false, activationEvent: 'onLanguage:jsonc'
[2021-12-18 10:22:25.896] [exthost] [info] ExtensionService#_doActivateExtension vscode.typescript-language-features, startup: false, activationEvent: 'onLanguage:jsonc'
