

*
* Visual Studio Code Server
*
* Reminder: You may only use this software with Visual Studio family products,
* as described in the license https://aka.ms/vscode-remote/license
*

Extension host agent listening on /run/user/1000/vscode-ssh-remote-server-sock-1639896825

[09:53:46] Extension host agent started.
[09:53:46] [<unknown>][52885611][ManagementConnection] New connection established.
[09:53:46] [<unknown>][01f079d1][ExtensionHostConnection] New connection established.
[09:53:46] [<unknown>][01f079d1][ExtensionHostConnection] <1527> Launched Extension Host Process.
[09:53:47] [File Watcher (parcel)] Unexpected error: Bad file descriptor (EUNKNOWN) (path: /home/natarovsi)
[09:53:47] [File Watcher (parcel)] restarting watcher after error: Bad file descriptor
[09:53:47] [File Watcher (parcel)] Unexpected error: Bad file descriptor (EUNKNOWN) (path: /home/natarovsi)
[09:53:47] [File Watcher (parcel)] restarting watcher after error: Bad file descriptor
[09:53:48] [File Watcher (parcel)] Unexpected error: Bad file descriptor (EUNKNOWN) (path: /home/natarovsi)
[09:53:48] [File Watcher (parcel)] restarting watcher after error: Bad file descriptor
[09:53:48] [File Watcher (parcel)] Unexpected error: Bad file descriptor (EUNKNOWN) (path: /home/natarovsi)
[09:53:48] [File Watcher (parcel)] restarting watcher after error: Bad file descriptor
[09:53:48] [File Watcher (parcel)] Unexpected error: Bad file descriptor (EUNKNOWN) (path: /home/natarovsi)
[09:53:48] [File Watcher (parcel)] restarting watcher after error: Bad file descriptor
[09:53:48] [File Watcher (parcel)] Unexpected error: Bad file descriptor (EUNKNOWN) (path: /home/natarovsi)
[09:53:48] [File Watcher (parcel)] gave up attempting to restart watcher after error: Bad file descriptor
